build/app/outputs/mapping/release/mapping.txt
# compiler: R8
# compiler_version: 1.5.64
# min_api: 16
# pg_map_id: cddcf7f
app.br.eco.arboris.MainActivity -> app.br.eco.arboris.MainActivity:
    void configureFlutterEngine(io.flutter.embedding.engine.FlutterEngine) -> b
...
com.google.android.gms.measurement.internal.zzn -> com.google.android.gms.measurement.internal.na:
    java.util.Set zzc -> e
    java.lang.Long zze -> g
    java.util.Map zzd -> f
    java.lang.Long zzf -> h
    java.lang.String zzb -> d
    com.google.android.gms.measurement.internal.zzp zza(int) -> a
    java.util.List zza(java.lang.String,java.util.List,java.util.List,java.lang.Long,java.lang.Long) -> a
    boolean zza(int,int) -> a
    boolean zze() -> t
com.google.android.gms.measurement.internal.zzo -> com.google.android.gms.measurement.internal.oa:
com.google.android.gms.measurement.internal.zzp -> com.google.android.gms.measurement.internal.pa:
    com.google.android.gms.measurement.internal.zzn zzh -> h
    com.google.android.gms.internal.measurement.zzbr$zzi zzc -> c
    java.lang.String zza -> a
    boolean zzb -> b
    java.util.Map zzf -> f
    java.util.BitSet zze -> e
    java.util.Map zzg -> g
    java.util.BitSet zzd -> d
    com.google.android.gms.internal.measurement.zzbr$zza zza(int,java.util.List) -> a
    java.util.BitSet zza(com.google.android.gms.measurement.internal.zzp) -> a
    void zza(com.google.android.gms.measurement.internal.zzu) -> a
com.google.android.gms.measurement.internal.zzq -> com.google.android.gms.measurement.internal.qa:
    int[] zzb -> b
    int[] zza -> a
com.google.android.gms.measurement.internal.zzr -> com.google.android.gms.measurement.internal.ra:
    com.google.android.gms.measurement.internal.zzn zzh -> h
    com.google.android.gms.internal.measurement.zzbj$zzb zzg -> g
    int zza() -> a
    boolean zza(java.lang.Long,java.lang.Long,com.google.android.gms.internal.measurement.zzbr$zzc,long,com.google.android.gms.measurement.internal.zzaj,boolean) -> a
    boolean zzb() -> b
    boolean zzc() -> c
com.google.android.gms.measurement.internal.zzs -> com.google.android.gms.measurement.internal.sa:
    com.google.android.gms.internal.measurement.zzbr$zzc zza -> a
    java.lang.Long zzb -> b
    long zzc -> c
    com.google.android.gms.measurement.internal.zzn zzd -> d
    com.google.android.gms.internal.measurement.zzbr$zzc zza(java.lang.String,com.google.android.gms.internal.measurement.zzbr$zzc) -> a
com.google.android.gms.measurement.internal.zzt -> com.google.android.gms.measurement.internal.ta:
    com.google.android.gms.internal.measurement.zzbj$zze zzg -> g
    com.google.android.gms.measurement.internal.zzn zzh -> h
    int zza() -> a
    boolean zza(java.lang.Long,java.lang.Long,com.google.android.gms.internal.measurement.zzbr$zzk,boolean) -> a
    boolean zzb() -> b
    boolean zzc() -> c
com.google.android.gms.measurement.internal.zzu -> com.google.android.gms.measurement.internal.ua:
    java.lang.String zza -> a
    int zzb -> b
    java.lang.Boolean zzc -> c
    java.lang.Boolean zzd -> d
    java.lang.Long zze -> e
    java.lang.Long zzf -> f
    int zza() -> a
    java.lang.Boolean zza(double,com.google.android.gms.internal.measurement.zzbj$zzd) -> a
    java.lang.Boolean zza(long,com.google.android.gms.internal.measurement.zzbj$zzd) -> a
    java.lang.Boolean zza(java.lang.Boolean,boolean) -> a
    java.lang.Boolean zza(java.lang.String,com.google.android.gms.internal.measurement.zzbj$zzd) -> a
    java.lang.Boolean zza(java.lang.String,com.google.android.gms.internal.measurement.zzbj$zzf$zzb,boolean,java.lang.String,java.util.List,java.lang.String,com.google.android.gms.measurement.internal.zzfj) -> a
    java.lang.Boolean zza(java.lang.String,com.google.android.gms.internal.measurement.zzbj$zzf,com.google.android.gms.measurement.internal.zzfj) -> a
    java.lang.Boolean zza(java.math.BigDecimal,com.google.android.gms.internal.measurement.zzbj$zzd,double) -> a
    boolean zzb() -> b
    boolean zzc() -> c